<?xml version="1.0" encoding="UTF-8"?>
<testng-results ignored="0" total="1" passed="1" failed="0" skipped="0">
  <reporter-output>
  </reporter-output>
  <suite started-at="2024-12-12T11:54:31 IST" name="Default suite" finished-at="2024-12-12T11:54:59 IST" duration-ms="27516">
    <groups>
    </groups>
    <test started-at="2024-12-12T11:54:31 IST" name="Default test" finished-at="2024-12-12T11:54:59 IST" duration-ms="27516">
      <class name="com.crm.finalMockA6.Task1">
        <test-method is-config="true" signature="beforeSuite()[pri:0, instance:com.crm.finalMockA6.Task1@16eb3ea3]" started-at="2024-12-12T11:54:31 IST" name="beforeSuite" finished-at="2024-12-12T11:54:31 IST" duration-ms="25" status="PASS">
          <reporter-output>
          </reporter-output>
        </test-method> <!-- beforeSuite -->
        <test-method is-config="true" signature="beforeTest()[pri:0, instance:com.crm.finalMockA6.Task1@16eb3ea3]" started-at="2024-12-12T11:54:32 IST" name="beforeTest" finished-at="2024-12-12T11:54:32 IST" duration-ms="1" status="PASS">
          <reporter-output>
          </reporter-output>
        </test-method> <!-- beforeTest -->
        <test-method is-config="true" signature="preCondition()[pri:0, instance:com.crm.finalMockA6.Task1@16eb3ea3]" started-at="2024-12-12T11:54:32 IST" name="preCondition" finished-at="2024-12-12T11:54:36 IST" duration-ms="4878" status="PASS">
          <reporter-output>
          </reporter-output>
        </test-method> <!-- preCondition -->
        <test-method is-config="true" signature="login()[pri:0, instance:com.crm.finalMockA6.Task1@16eb3ea3]" started-at="2024-12-12T11:54:36 IST" name="login" finished-at="2024-12-12T11:54:38 IST" duration-ms="1968" status="PASS">
          <reporter-output>
          </reporter-output>
        </test-method> <!-- login -->
        <test-method signature="giftCard()[pri:0, instance:com.crm.finalMockA6.Task1@16eb3ea3]" started-at="2024-12-12T11:54:38 IST" name="giftCard" finished-at="2024-12-12T11:54:57 IST" duration-ms="18831" status="PASS">
          <reporter-output>
          </reporter-output>
        </test-method> <!-- giftCard -->
        <test-method is-config="true" signature="logout()[pri:0, instance:com.crm.finalMockA6.Task1@16eb3ea3]" started-at="2024-12-12T11:54:57 IST" name="logout" finished-at="2024-12-12T11:54:58 IST" duration-ms="991" status="PASS">
          <reporter-output>
          </reporter-output>
        </test-method> <!-- logout -->
        <test-method is-config="true" signature="postCondition()[pri:0, instance:com.crm.finalMockA6.Task1@16eb3ea3]" started-at="2024-12-12T11:54:58 IST" name="postCondition" finished-at="2024-12-12T11:54:59 IST" duration-ms="295" status="PASS">
          <reporter-output>
          </reporter-output>
        </test-method> <!-- postCondition -->
        <test-method is-config="true" signature="afterTest()[pri:0, instance:com.crm.finalMockA6.Task1@16eb3ea3]" started-at="2024-12-12T11:54:59 IST" name="afterTest" finished-at="2024-12-12T11:54:59 IST" duration-ms="0" status="PASS">
          <reporter-output>
          </reporter-output>
        </test-method> <!-- afterTest -->
        <test-method is-config="true" signature="afterSuite()[pri:0, instance:com.crm.finalMockA6.Task1@16eb3ea3]" started-at="2024-12-12T11:54:59 IST" name="afterSuite" finished-at="2024-12-12T11:54:59 IST" duration-ms="1" status="PASS">
          <reporter-output>
          </reporter-output>
        </test-method> <!-- afterSuite -->
      </class> <!-- com.crm.finalMockA6.Task1 -->
    </test> <!-- Default test -->
  </suite> <!-- Default suite -->
</testng-results>
